0 info it worked if it ends with ok
1 verbose cli [ '/usr/local/bin/node',
1 verbose cli   '/usr/local/bin/npm',
1 verbose cli   'install',
1 verbose cli   'morris',
1 verbose cli   '--save' ]
2 info using npm@2.15.8
3 info using node@v6.3.1
4 verbose install initial load of /Users/mikehughes/Documents/MVPproject/WorkoutAngular/LiftTracker/package.json
5 verbose installManyTop reading scoped package data from /Users/mikehughes/Documents/MVPproject/WorkoutAngular/LiftTracker/node_modules/body-parser/package.json
6 verbose installManyTop reading scoped package data from /Users/mikehughes/Documents/MVPproject/WorkoutAngular/LiftTracker/node_modules/express/package.json
7 verbose installManyTop reading scoped package data from /Users/mikehughes/Documents/MVPproject/WorkoutAngular/LiftTracker/node_modules/mongoose/package.json
8 verbose readDependencies loading dependencies from /Users/mikehughes/Documents/MVPproject/WorkoutAngular/LiftTracker/package.json
9 silly cache add args [ 'morris', null ]
10 verbose cache add spec morris
11 silly cache add parsed spec Result {
11 silly cache add   raw: 'morris',
11 silly cache add   scope: null,
11 silly cache add   name: 'morris',
11 silly cache add   rawSpec: '',
11 silly cache add   spec: 'latest',
11 silly cache add   type: 'tag' }
12 silly addNamed morris@latest
13 verbose addNamed "latest" is being treated as a dist-tag for morris
14 info addNameTag [ 'morris', 'latest' ]
15 silly mapToRegistry name morris
16 silly mapToRegistry using default registry
17 silly mapToRegistry registry https://registry.npmjs.org/
18 silly mapToRegistry data Result {
18 silly mapToRegistry   raw: 'morris',
18 silly mapToRegistry   scope: null,
18 silly mapToRegistry   name: 'morris',
18 silly mapToRegistry   rawSpec: '',
18 silly mapToRegistry   spec: 'latest',
18 silly mapToRegistry   type: 'tag' }
19 silly mapToRegistry uri https://registry.npmjs.org/morris
20 verbose addNameTag registry:https://registry.npmjs.org/morris not in flight; fetching
21 verbose request uri https://registry.npmjs.org/morris
22 verbose request no auth needed
23 info attempt registry request try #1 at 7:36:12 PM
24 verbose request id aa8e43ae1aadc82c
25 http request GET https://registry.npmjs.org/morris
26 http 404 https://registry.npmjs.org/morris
27 verbose headers { 'content-type': 'application/json',
27 verbose headers   'cache-control': 'max-age=0',
27 verbose headers   'content-length': '2',
27 verbose headers   'accept-ranges': 'bytes',
27 verbose headers   date: 'Mon, 17 Oct 2016 23:36:13 GMT',
27 verbose headers   via: '1.1 varnish',
27 verbose headers   age: '0',
27 verbose headers   connection: 'keep-alive',
27 verbose headers   'x-served-by': 'cache-jfk8141-JFK',
27 verbose headers   'x-cache': 'MISS',
27 verbose headers   'x-cache-hits': '0',
27 verbose headers   'x-timer': 'S1476747373.196951,VS0,VE422',
27 verbose headers   vary: 'Accept-Encoding' }
28 silly get cb [ 404,
28 silly get   { 'content-type': 'application/json',
28 silly get     'cache-control': 'max-age=0',
28 silly get     'content-length': '2',
28 silly get     'accept-ranges': 'bytes',
28 silly get     date: 'Mon, 17 Oct 2016 23:36:13 GMT',
28 silly get     via: '1.1 varnish',
28 silly get     age: '0',
28 silly get     connection: 'keep-alive',
28 silly get     'x-served-by': 'cache-jfk8141-JFK',
28 silly get     'x-cache': 'MISS',
28 silly get     'x-cache-hits': '0',
28 silly get     'x-timer': 'S1476747373.196951,VS0,VE422',
28 silly get     vary: 'Accept-Encoding' } ]
29 verbose stack Error: Registry returned 404 for GET on https://registry.npmjs.org/morris
29 verbose stack     at makeError (/usr/local/lib/node_modules/npm/node_modules/npm-registry-client/lib/request.js:264:12)
29 verbose stack     at CachingRegistryClient.<anonymous> (/usr/local/lib/node_modules/npm/node_modules/npm-registry-client/lib/request.js:242:14)
29 verbose stack     at Request._callback (/usr/local/lib/node_modules/npm/node_modules/npm-registry-client/lib/request.js:172:14)
29 verbose stack     at Request.self.callback (/usr/local/lib/node_modules/npm/node_modules/request/request.js:200:22)
29 verbose stack     at emitTwo (events.js:106:13)
29 verbose stack     at Request.emit (events.js:191:7)
29 verbose stack     at Request.<anonymous> (/usr/local/lib/node_modules/npm/node_modules/request/request.js:1067:10)
29 verbose stack     at emitOne (events.js:101:20)
29 verbose stack     at Request.emit (events.js:188:7)
29 verbose stack     at IncomingMessage.<anonymous> (/usr/local/lib/node_modules/npm/node_modules/request/request.js:988:12)
30 verbose statusCode 404
31 verbose pkgid morris
32 verbose cwd /Users/mikehughes/Documents/MVPproject/WorkoutAngular/LiftTracker
33 error Darwin 15.4.0
34 error argv "/usr/local/bin/node" "/usr/local/bin/npm" "install" "morris" "--save"
35 error node v6.3.1
36 error npm  v2.15.8
37 error code E404
38 error 404 Registry returned 404 for GET on https://registry.npmjs.org/morris
38 error 404
38 error 404 'morris' is not in the npm registry.
38 error 404 You should bug the author to publish it (or use the name yourself!)
38 error 404 It was specified as a dependency of 'lift-tracker'
38 error 404
38 error 404 Note that you can also install from a
38 error 404 tarball, folder, http url, or git url.
39 verbose exit [ 1, true ]
